<?xml version="1.0" encoding="UTF-8"?>
<!-- Generated by org.testng.reporters.JUnitReportReporter -->
<testsuite hostname="YY134111" name="tdd.Testpassword" tests="1" failures="0" timestamp="19 Sep 2018 07:26:21 GMT" time="0.021" errors="0">
  <testcase name="passwordvalidate" time="0.021" classname="tdd.Testpassword"/>
</testsuite> <!-- tdd.Testpassword -->
