<?xml version="1.0" encoding="UTF-8"?>
<!-- Generated by org.testng.reporters.JUnitReportReporter -->
<testsuite hostname="YY134111" name="tdd.Testusername" tests="1" failures="0" timestamp="19 Sep 2018 07:21:53 GMT" time="0.021" errors="0">
  <testcase name="username" time="0.021" classname="tdd.Testusername"/>
</testsuite> <!-- tdd.Testusername -->
